music_architecture/build/intermediates/manifest_merge_blame_file/debug/manifest-merger-blame-debug-report.txt
1<?xml version="1.0" encoding="utf-8"?>
2<!--
3  ~ Copyright 2018-2020 KunMinX
4  ~
5  ~ Licensed under the Apache License, Version 2.0 (the "License");
6  ~ you may not use this file except in compliance with the License.
7  ~ You may obtain a copy of the License at
8  ~
9  ~    http://www.apache.org/licenses/LICENSE-2.0
10  ~
11  ~ Unless required by applicable law or agreed to in writing, software
12  ~ distributed under the License is distributed on an "AS IS" BASIS,
13  ~ WITHOUT WARRANTIES OR CONDITIONS OF ANY KIND, either express or implied.
14  ~ See the License for the specific language governing permissions and
15  ~ limitations under the License.
16-->
17<manifest xmlns:android="http://schemas.android.com/apk/res/android"
18    package="com.kunminx.architecture"
19    android:versionCode="1"
20    android:versionName="1.0" >
21
22    <uses-sdk
23        android:minSdkVersion="19"
23-->src\main\AndroidManifest.xml
24        android:targetSdkVersion="28" />
24-->src\main\AndroidManifest.xml
25
26    <uses-permission android:name="android.permission.ACCESS_NETWORK_STATE" />
26-->src\main\AndroidManifest.xml:20:5-79
26-->src\main\AndroidManifest.xml:20:22-76
27    <uses-permission android:name="android.permission.INTERNET" />
27-->src\main\AndroidManifest.xml:21:5-67
27-->src\main\AndroidManifest.xml:21:22-64
28
29    <application>
29-->src\main\AndroidManifest.xml:23:5-35:19
30        <provider
30-->src\main\AndroidManifest.xml:25:9-33:20
31            android:name="androidx.core.content.FileProvider"
31-->src\main\AndroidManifest.xml:26:13-62
32            android:authorities="${applicationId}.fileprovider"
32-->src\main\AndroidManifest.xml:27:13-64
33            android:exported="false"
33-->src\main\AndroidManifest.xml:28:13-37
34            android:grantUriPermissions="true" >
34-->src\main\AndroidManifest.xml:29:13-47
35            <meta-data
35-->src\main\AndroidManifest.xml:30:13-32:54
36                android:name="android.support.FILE_PROVIDER_PATHS"
36-->src\main\AndroidManifest.xml:31:17-67
37                android:resource="@xml/file_paths" />
37-->src\main\AndroidManifest.xml:32:17-51
38        </provider>
39    </application>
40
41</manifest>